<?xml version="1.0" encoding="UTF-8"?>
<!-- Generated by org.testng.reporters.JUnitXMLReporter -->
<testsuite hostname="LAPTOP-EOO9HPTE" tests="5" failures="0" timestamp="17 Mar 2022 20:59:16 GMT" time="0.218" errors="0">
  <testcase name="insertRecord" time="0.088" classname="HealthCheckAPI"/>
  <testcase name="updateRecord" time="0.003" classname="HealthCheckAPI"/>
  <testcase name="deleteRecord" time="0.001" classname="HealthCheckAPI"/>
  <testcase name="selectRecord" time="0.003" classname="HealthCheckAPI"/>
  <testcase name="applyLeave" time="0.002" classname="HealthCheckAPI"/>
</testsuite>
